28.04.2020-23:33:56.96 
"Dies und jenes..." 
-------------------------------------------------------------------------------------------------- 
28.04.2020-23:34:05.57 
"Dies und jenes aus m 2..." 
-------------------------------------------------------------------------------------------------- 
28.04.2020-23:41:27.85 
Dies und jenes... 
-------------------------------------------------------------------------------------------------- 
28.04.2020-23:41:28.78 
Dies und jenes aus m 2... 
-------------------------------------------------------------------------------------------------- 
28.04.2020-23:42:43.61 
Dies und jenes... 
28.04.2020-23:43:11.03 
Dies und jenes... 
28.04.2020-23:48:06.51 
Dies und jenes... 
"Halllllooooooèè!!!" 
-------------------------------------------------------------------------------------------------- 
28.04.2020-23:48:32.12 
Dies und jenes... 
= 
-------------------------------------------------------------------------------------------------- 
28.04.2020-23:49:27.65 
Dies und jenes... 
Halllllooooooèè!!! 
-------------------------------------------------------------------------------------------------- 
29.04.2020- 0:01:57.56 
Dies und jenes... 
-------------------------------------------------------------------------------------------------- 
29.04.2020- 0:02:11.19 
Dies und jenes aus m 2... 
-------------------------------------------------------------------------------------------------- 
29.04.2020- 0:03:40.82 
Dies und jenes... 
-------------------------------------------------------------------------------------------------- 
29.04.2020- 0:04:43.81 
Dies und jenes... 
-------------------------------------------------------------------------------------------------- 
29.04.2020- 0:43:34.47 
Dies und jenes... 
-------------------------------------------------------------------------------------------------- 
29.04.2020- 0:53:02.18 
Dies und jenes... 
-------------------------------------------------------------------------------------------------- 
29.04.2020- 0:55:28.11 
Dies und jenes... 
-------------------------------------------------------------------------------------------------- 
29.04.2020- 0:55:40.07 
Dies und jenes... 
-------------------------------------------------------------------------------------------------- 
29.04.2020- 0:56:43.78 
Dies und jenes... 
-------------------------------------------------------------------------------------------------- 
29.04.2020- 0:56:52.67 
Dies und jenes... 
-------------------------------------------------------------------------------------------------- 
29.04.2020- 0:57:15.23 
Dies und jenes... 
-------------------------------------------------------------------------------------------------- 
29.04.2020- 0:57:25.89 
Dies und jenes... 
-------------------------------------------------------------------------------------------------- 
29.04.2020- 0:58:21.45 
Dies und jenes... 
-------------------------------------------------------------------------------------------------- 
27.02.2021-20:52:19.78 
Dies und jenes... 
-------------------------------------------------------------------------------------------------- 
27.02.2021-22:23:33.00 
Dies und jenes... 
-------------------------------------------------------------------------------------------------- 
27.02.2021-22:23:35.28 
Dies und jenes aus m 2... 
-------------------------------------------------------------------------------------------------- 
27.02.2021-22:23:51.83 
Dies und jenes... 
-------------------------------------------------------------------------------------------------- 
27.02.2021-22:24:00.63 
Dies und jenes... 
-------------------------------------------------------------------------------------------------- 
27.02.2021-22:24:01.55 
Dies und jenes... 
-------------------------------------------------------------------------------------------------- 
27.02.2021-22:24:02.49 
Dies und jenes... 
-------------------------------------------------------------------------------------------------- 
27.02.2021-22:24:04.39 
Dies und jenes aus m 2... 
-------------------------------------------------------------------------------------------------- 
27.02.2021-22:24:06.31 
Dies und jenes... 
-------------------------------------------------------------------------------------------------- 
28.02.2021-22:10:06.14 
Dies und jenes... 
-------------------------------------------------------------------------------------------------- 
28.02.2021-22:12:03.65 
Dies und jenes... 
-------------------------------------------------------------------------------------------------- 
28.02.2021-22:13:13.46 
Dies und jenes... 
-------------------------------------------------------------------------------------------------- 
28.02.2021-22:13:16.88 
Dies und jenes... 
-------------------------------------------------------------------------------------------------- 
28.02.2021-22:13:18.73 
Dies und jenes aus m 2... 
-------------------------------------------------------------------------------------------------- 
28.02.2021-22:13:19.76 
Dies und jenes... 
-------------------------------------------------------------------------------------------------- 
28.02.2021-23:09:37.66 
Dies und jenes... 
-------------------------------------------------------------------------------------------------- 
28.02.2021-23:28:26.91 
Dies und jenes... 
-------------------------------------------------------------------------------------------------- 
03.03.2021-21:07:50.15
ECHO ist ausgeschaltet (OFF).
--------------------------------------------------------------------------------------------------
03.03.2021-21:07:50.18
ECHO ist ausgeschaltet (OFF).
--------------------------------------------------------------------------------------------------
03.03.2021-21:07:50.20
ECHO ist ausgeschaltet (OFF).
--------------------------------------------------------------------------------------------------
03.03.2021-21:10:48.15
ECHO ist ausgeschaltet (OFF).
--------------------------------------------------------------------------------------------------
03.03.2021-21:10:48.17
ECHO ist ausgeschaltet (OFF).
--------------------------------------------------------------------------------------------------
03.03.2021-21:10:48.19
ECHO ist ausgeschaltet (OFF).
--------------------------------------------------------------------------------------------------
03.03.2021-21:12:00.69
ECHO ist ausgeschaltet (OFF).
--------------------------------------------------------------------------------------------------
03.03.2021-21:12:00.71
ECHO ist ausgeschaltet (OFF).
--------------------------------------------------------------------------------------------------
03.03.2021-21:12:00.73
ECHO ist ausgeschaltet (OFF).
--------------------------------------------------------------------------------------------------
03.03.2021-21:12:52.11
ECHO ist ausgeschaltet (OFF).
--------------------------------------------------------------------------------------------------
03.03.2021-21:12:52.13
ECHO ist ausgeschaltet (OFF).
--------------------------------------------------------------------------------------------------
03.03.2021-21:12:52.15
ECHO ist ausgeschaltet (OFF).
--------------------------------------------------------------------------------------------------
03.03.2021-21:14:40.70
ECHO ist ausgeschaltet (OFF).
--------------------------------------------------------------------------------------------------
03.03.2021-21:14:40.73
ECHO ist ausgeschaltet (OFF).
--------------------------------------------------------------------------------------------------
03.03.2021-21:14:40.74
ECHO ist ausgeschaltet (OFF).
--------------------------------------------------------------------------------------------------
